<?xml version="1.0" encoding="UTF-8"?>
<testng-results ignored="0" total="1" passed="1" failed="0" skipped="0">
  <reporter-output>
  </reporter-output>
  <suite started-at="2023-02-01T14:37:17 IST" name="Default suite" finished-at="2023-02-01T14:37:23 IST" duration-ms="5846">
    <groups>
    </groups>
    <test started-at="2023-02-01T14:37:17 IST" name="Default test" finished-at="2023-02-01T14:37:23 IST" duration-ms="5846">
      <class name="petStore.AddPet">
        <test-method signature="addPet()[pri:0, instance:petStore.AddPet@31e5415e]" started-at="2023-02-01T14:37:17 IST" name="addPet" finished-at="2023-02-01T14:37:23 IST" duration-ms="5793" status="PASS">
          <reporter-output>
          </reporter-output>
        </test-method> <!-- addPet -->
      </class> <!-- petStore.AddPet -->
    </test> <!-- Default test -->
  </suite> <!-- Default suite -->
</testng-results>
